#
# There is insufficient memory for the Java Runtime Environment to continue.
# Native memory allocation (mmap) failed to map 132120576 bytes for Failed to commit area from 0x0000000082400000 to 0x000000008a200000 of length 132120576.
# Possible reasons:
#   The system is out of physical RAM or swap space
#   The process is running with CompressedOops enabled, and the Java Heap may be blocking the growth of the native heap
# Possible solutions:
#   Reduce memory load on the system
#   Increase physical memory or swap space
#   Check if swap backing store is full
#   Decrease Java heap size (-Xmx/-Xms)
#   Decrease number of Java threads
#   Decrease Java thread stack sizes (-Xss)
#   Set larger code cache with -XX:ReservedCodeCacheSize=
# This output file may be truncated or incomplete.
#
#  Out of Memory Error (t:/workspace/open/src/hotspot/os/windows/os_windows.cpp:3264), pid=20220, tid=9884
#
# JRE version:  (12.0.2+10) (build )
# Java VM: Java HotSpot(TM) 64-Bit Server VM (12.0.2+10, mixed mode, sharing, tiered, compressed oops, g1 gc, windows-amd64)
# No core dump will be written. Minidumps are not enabled by default on client versions of Windows
#

---------------  S U M M A R Y ------------

Command Line: -Xverify:none -Dio.quarkus.force-color-support=true -Dquarkus-internal.serialized-app-model.path=C:\Users\Test\Desktop\Okul\SYP\Projekt\5ahif-syp-chromecast-manager\backend\target\quarkus\bootstrap\dev-app-model.dat -javaagent:C:\Users\Test\.m2\repository\io\quarkus\quarkus-class-change-agent\2.4.1.Final\quarkus-class-change-agent-2.4.1.Final.jar -XX:TieredStopAtLevel=1 -agentlib:jdwp=transport=dt_socket,address=localhost:5005,server=y,suspend=n -Djava.util.logging.manager=org.jboss.logmanager.LogManager C:\Users\Test\Desktop\Okul\SYP\Projekt\5ahif-syp-chromecast-manager\backend\target\chromecast-dev.jar

Host: Intel(R) Core(TM) i5-8250U CPU @ 1.60GHz, 8 cores, 7G,  Windows 10 , 64 bit Build 19041 (10.0.19041.1348)
Time: Tue Nov 23 14:00:43 2021 Mitteleuropäische Zeit elapsed time: 0 seconds (0d 0h 0m 0s)

---------------  T H R E A D  ---------------

Current thread (0x000002c652bd9800):  JavaThread "Unknown thread" [_thread_in_vm, id=9884, stack(0x000000df50600000,0x000000df50700000)]

Stack: [0x000000df50600000,0x000000df50700000]
Native frames: (J=compiled Java code, j=interpreted, Vv=VM code, C=native code)
V  [jvm.dll+0x63aa2a]
V  [jvm.dll+0x78ce1e]
V  [jvm.dll+0x78e4c1]
V  [jvm.dll+0x78eb13]
V  [jvm.dll+0x2627e8]
V  [jvm.dll+0x637f5a]
V  [jvm.dll+0x62c845]
V  [jvm.dll+0x31e49c]
V  [jvm.dll+0x31e2cf]
V  [jvm.dll+0x324006]
V  [jvm.dll+0x371f56]
V  [jvm.dll+0x371720]
V  [jvm.dll+0x2f845a]
V  [jvm.dll+0x2f96d2]
V  [jvm.dll+0x767267]
V  [jvm.dll+0x7689f5]
V  [jvm.dll+0x380059]
V  [jvm.dll+0x74b794]
V  [jvm.dll+0x3ef5cd]
V  [jvm.dll+0x3f1471]
C  [jli.dll+0x51cf]
C  [ucrtbase.dll+0x21bb2]
C  [KERNEL32.DLL+0x17034]
C  [ntdll.dll+0x52651]


---------------  P R O C E S S  ---------------

Threads class SMR info:
_java_thread_list=0x00007fff1d497928, length=0, elements={
}

Java Threads: ( => current thread )

Other Threads:
  0x000002c652c16800 GCTaskThread "GC Thread#0" [stack: 0x000000df50700000,0x000000df50800000] [id=30520]
  0x000002c652c26000 ConcurrentGCThread "G1 Main Marker" [stack: 0x000000df50800000,0x000000df50900000] [id=33836]
  0x000002c652c2a000 ConcurrentGCThread "G1 Conc#0" [stack: 0x000000df50900000,0x000000df50a00000] [id=19052]

[error occurred during error reporting (printing all threads), id 0xc0000005, EXCEPTION_ACCESS_VIOLATION (0xc0000005) at pc=0x00007fff1ccc85e7]

VM state:not at safepoint (not fully initialized)

VM Mutex/Monitor currently owned by a thread:  ([mutex/lock_event])
[0x000002c652bd5870] Heap_lock - owner thread: 0x000002c652bd9800

Heap address: 0x0000000082400000, size: 2012 MB, Compressed Oops mode: Non-zero based: 0x0000000082400000
Narrow klass base: 0x0000000000000000, Narrow klass shift: 0

GC Heap History (0 events):
No events

Deoptimization events (0 events):
No events

Classes redefined (0 events):
No events

Internal exceptions (0 events):
No events

Events (0 events):
No events


Dynamic libraries:
0x00007ff64dab0000 - 0x00007ff64dabf000 	C:\Program Files\Java\jdk-12.0.2\bin\java.EXE
0x00007fffbe670000 - 0x00007fffbe865000 	C:\WINDOWS\SYSTEM32\ntdll.dll
0x00007fffbcd20000 - 0x00007fffbcdde000 	C:\WINDOWS\System32\KERNEL32.DLL
0x00007fffbc3c0000 - 0x00007fffbc688000 	C:\WINDOWS\System32\KERNELBASE.dll
0x00007fffbbd90000 - 0x00007fffbbe90000 	C:\WINDOWS\System32\ucrtbase.dll
0x00007fff71620000 - 0x00007fff71636000 	C:\Program Files\Java\jdk-12.0.2\bin\VCRUNTIME140.dll
0x00007fff77140000 - 0x00007fff77158000 	C:\Program Files\Java\jdk-12.0.2\bin\jli.dll
0x00007fffbc7f0000 - 0x00007fffbc89c000 	C:\WINDOWS\System32\ADVAPI32.dll
0x00007fffbd0f0000 - 0x00007fffbd18e000 	C:\WINDOWS\System32\msvcrt.dll
0x00007fffbd640000 - 0x00007fffbd6db000 	C:\WINDOWS\System32\sechost.dll
0x00007fffbcfc0000 - 0x00007fffbd0ea000 	C:\WINDOWS\System32\RPCRT4.dll
0x00007fffbd6f0000 - 0x00007fffbd891000 	C:\WINDOWS\System32\USER32.dll
0x00007fffbc690000 - 0x00007fffbc6b2000 	C:\WINDOWS\System32\win32u.dll
0x00007fffa4470000 - 0x00007fffa470a000 	C:\WINDOWS\WinSxS\amd64_microsoft.windows.common-controls_6595b64144ccf1df_6.0.19041.1110_none_60b5254171f9507e\COMCTL32.dll
0x00007fffbce40000 - 0x00007fffbce6b000 	C:\WINDOWS\System32\GDI32.dll
0x00007fffbbe90000 - 0x00007fffbbf9b000 	C:\WINDOWS\System32\gdi32full.dll
0x00007fffbc190000 - 0x00007fffbc22d000 	C:\WINDOWS\System32\msvcp_win.dll
0x00007fffb58c0000 - 0x00007fffb58ca000 	C:\WINDOWS\SYSTEM32\VERSION.dll
0x00007fffbd4f0000 - 0x00007fffbd520000 	C:\WINDOWS\System32\IMM32.DLL
0x00007fff38890000 - 0x00007fff3893a000 	C:\Program Files\Java\jdk-12.0.2\bin\msvcp140.dll
0x00007fff1c9c0000 - 0x00007fff1d537000 	C:\Program Files\Java\jdk-12.0.2\bin\server\jvm.dll
0x00007fffbd6e0000 - 0x00007fffbd6e8000 	C:\WINDOWS\System32\PSAPI.DLL
0x00007fffaa8b0000 - 0x00007fffaa8b9000 	C:\WINDOWS\SYSTEM32\WSOCK32.dll
0x00007fffa48d0000 - 0x00007fffa48f7000 	C:\WINDOWS\SYSTEM32\WINMM.dll
0x00007fffbdcb0000 - 0x00007fffbdd1b000 	C:\WINDOWS\System32\WS2_32.dll
0x00007fffb9c50000 - 0x00007fffb9c62000 	C:\WINDOWS\SYSTEM32\kernel.appcore.dll
0x00007fff71600000 - 0x00007fff71611000 	C:\Program Files\Java\jdk-12.0.2\bin\verify.dll
0x00007fffac710000 - 0x00007fffac8f4000 	C:\WINDOWS\SYSTEM32\DBGHELP.DLL
0x00007fffa1b10000 - 0x00007fffa1b3c000 	C:\WINDOWS\SYSTEM32\dbgcore.DLL
0x00007fffbbfa0000 - 0x00007fffbc023000 	C:\WINDOWS\System32\bcryptPrimitives.dll
0x00007fff64440000 - 0x00007fff64466000 	C:\Program Files\Java\jdk-12.0.2\bin\java.dll
0x00007fff8d2d0000 - 0x00007fff8d2de000 	C:\Program Files\Java\jdk-12.0.2\bin\instrument.dll
0x00007fff4b2f0000 - 0x00007fff4b328000 	C:\Program Files\Java\jdk-12.0.2\bin\jdwp.dll
0x00007fff714f0000 - 0x00007fff71507000 	C:\Program Files\Java\jdk-12.0.2\bin\zip.dll
0x00007fff91d50000 - 0x00007fff91d5a000 	C:\Program Files\Java\jdk-12.0.2\bin\jimage.dll

dbghelp: loaded successfully - version: 4.0.5 - missing functions: none
symbol engine: initialized successfully - sym options: 0x614 - pdb path: .;C:\Program Files\Java\jdk-12.0.2\bin;C:\WINDOWS\SYSTEM32;C:\WINDOWS\WinSxS\amd64_microsoft.windows.common-controls_6595b64144ccf1df_6.0.19041.1110_none_60b5254171f9507e;C:\Program Files\Java\jdk-12.0.2\bin\server

VM Arguments:
jvm_args: -Xverify:none -Dio.quarkus.force-color-support=true -Dquarkus-internal.serialized-app-model.path=C:\Users\Test\Desktop\Okul\SYP\Projekt\5ahif-syp-chromecast-manager\backend\target\quarkus\bootstrap\dev-app-model.dat -javaagent:C:\Users\Test\.m2\repository\io\quarkus\quarkus-class-change-agent\2.4.1.Final\quarkus-class-change-agent-2.4.1.Final.jar -XX:TieredStopAtLevel=1 -agentlib:jdwp=transport=dt_socket,address=localhost:5005,server=y,suspend=n -Djava.util.logging.manager=org.jboss.logmanager.LogManager 
java_command: C:\Users\Test\Desktop\Okul\SYP\Projekt\5ahif-syp-chromecast-manager\backend\target\chromecast-dev.jar
java_class_path (initial): C:\Users\Test\Desktop\Okul\SYP\Projekt\5ahif-syp-chromecast-manager\backend\target\chromecast-dev.jar
Launcher Type: SUN_STANDARD

[Global flags]
     bool BytecodeVerificationLocal                = false                                     {product} {command line}
     bool BytecodeVerificationRemote               = false                                     {product} {command line}
     intx CICompilerCount                          = 4                                         {product} {ergonomic}
     uint ConcGCThreads                            = 2                                         {product} {ergonomic}
     uint G1ConcRefinementThreads                  = 8                                         {product} {ergonomic}
   size_t G1HeapRegionSize                         = 1048576                                   {product} {ergonomic}
    uintx GCDrainStackTargetSize                   = 64                                        {product} {ergonomic}
   size_t InitialHeapSize                          = 132120576                                 {product} {ergonomic}
   size_t MarkStackSize                            = 4194304                                   {product} {ergonomic}
   size_t MaxHeapSize                              = 2109734912                                {product} {ergonomic}
   size_t MinHeapDeltaBytes                        = 1048576                                   {product} {ergonomic}
    uintx NonNMethodCodeHeapSize                   = 7549744                                {pd product} {ergonomic}
    uintx NonProfiledCodeHeapSize                  = 244108496                              {pd product} {ergonomic}
    uintx ProfiledCodeHeapSize                     = 0                                      {pd product} {ergonomic}
    uintx ReservedCodeCacheSize                    = 251658240                              {pd product} {ergonomic}
     bool SegmentedCodeCache                       = true                                      {product} {ergonomic}
     intx TieredStopAtLevel                        = 1                                         {product} {command line}
     bool UseCompressedClassPointers               = true                                 {lp64_product} {ergonomic}
     bool UseCompressedOops                        = true                                 {lp64_product} {ergonomic}
     bool UseG1GC                                  = true                                      {product} {ergonomic}
     bool UseLargePagesIndividualAllocation        = false                                  {pd product} {ergonomic}

Logging:
Log output configuration:
 #0: stdout all=warning uptime,level,tags
 #1: stderr all=off uptime,level,tags

Environment Variables:
JAVA_HOME=C:\Program Files\Java\jdk-12.0.2
PATH=C:\Program Files\Java\jdk-12.0.2;C:\Program Files (x86)\Intel\iCLS Client\;C:\Program Files\Intel\iCLS Client\;C:\WINDOWS\system32;C:\WINDOWS;C:\WINDOWS\System32\Wbem;C:\WINDOWS\System32\WindowsPowerShell\v1.0\;C:\Program Files (x86)\Intel\Intel(R) Management Engine Components\DAL;C:\Program Files\Intel\Intel(R) Management Engine Components\DAL;C:\Program Files (x86)\Intel\Intel(R) Management Engine Components\IPT;C:\Program Files\Intel\Intel(R) Management Engine Components\IPT;C:\WINDOWS\System32\OpenSSH\;C:\Program Files\dotnet\;C:\Program Files\Microsoft SQL Server\130\Tools\Binn\;C:\Program Files\Intel\WiFi\bin\;C:\Program Files\Common Files\Intel\WirelessCommon\;C:\Program Files\Java\jdk-12.0.2\bin;C:\Program Files\PowerShell\6\;C:\Program Files\swipl\bin;C:\Program Files\Git\cmd;C:\Program Files\Microsoft SQL Server\Client SDK\ODBC\170\Tools\Binn\;C:\Program Files\Docker\Docker\resources\bin;C:\ProgramData\DockerDesktop\version-bin;C:\Program Files\maven\apache-maven-3.6.3\bin;C:\Program Files\nodejs\;C:\Strawberry\c\bin;C:\Strawberry\perl\site\bin;C:\Strawberry\perl\bin;C:\Program Files\Kubernetes\Minikube;C:\Users\Test\AppData\Local\Microsoft\WindowsApps;C:\Program Files\JetBrains\PyCharm Community Edition 2019.2.5\bin;C:\Users\Test\Anaconda3\condabin;C:\local\lib\db-derby-10.15.2.0-bin\bin;C:\Users\Test\.dotnet\tools;C:\Users\Test\AppData\Local\Microsoft\WindowsApps;C:\Users\Test\AppData\Roaming\npm;C:\Users\Test\AppData\Local\Programs\Microsoft VS Code\bin;C:\Users\Test\AppData\Local\Programs\MiKTeX\miktex\bin\x64\
USERNAME=Test
OS=Windows_NT
PROCESSOR_IDENTIFIER=Intel64 Family 6 Model 142 Stepping 10, GenuineIntel



---------------  S Y S T E M  ---------------

OS: Windows 10 , 64 bit Build 19041 (10.0.19041.1348)

CPU:total 8 (initial active 8) (4 cores per cpu, 2 threads per core) family 6 model 142 stepping 10, cmov, cx8, fxsr, mmx, sse, sse2, sse3, ssse3, sse4.1, sse4.2, popcnt, avx, avx2, aes, clmul, erms, 3dnowpref, lzcnt, ht, tsc, tscinvbit, bmi1, bmi2, adx, fma

Memory: 4k page, system-wide physical 8042M (417M free)
TotalPageFile size 24586M (AvailPageFile size 107M)
current process WorkingSet (physical memory assigned to process): 10M, peak: 10M
current process commit charge ("private bytes"): 57M, peak: 183M

vm_info: Java HotSpot(TM) 64-Bit Server VM (12.0.2+10) for windows-amd64 JRE (12.0.2+10), built on Jul 16 2019 01:56:17 by "mach5one" with MS VC++ 15.5 (VS2017)

END.
